2004.03.03 22:07 B C:\Dokumente und Einstellungen\USER\Eigene Dateien\scripts\kontakt\asnforum\images\icon_evil.gif --> server11.glai.de /html/script/kontakt/asnforum/images icon_evil.gif
2004.03.03 22:07 B C:\Dokumente und Einstellungen\USER\Eigene Dateien\scripts\kontakt\asnforum\images\icon_cool.gif --> server11.glai.de /html/script/kontakt/asnforum/images icon_cool.gif
2004.03.03 22:07 B C:\Dokumente und Einstellungen\USER\Eigene Dateien\scripts\kontakt\asnforum\images\icon_wink.gif --> server11.glai.de /html/script/kontakt/asnforum/images icon_wink.gif
2004.03.03 22:07 B C:\Dokumente und Einstellungen\USER\Eigene Dateien\scripts\kontakt\asnforum\images\icon_smile.gif --> server11.glai.de /html/script/kontakt/asnforum/images icon_smile.gif
2004.03.11 13:41 B C:\Dokumente und Einstellungen\USER\Eigene Dateien\scripts\kontakt\asnforum\images\icon_cool.gif --> server11.glai.de /html/script/kontakt/asnforum/images icon_cool.gif
2004.03.11 13:41 B C:\Dokumente und Einstellungen\USER\Eigene Dateien\scripts\kontakt\asnforum\images\icon_razz.gif --> server11.glai.de /html/script/kontakt/asnforum/images icon_razz.gif
2004.03.11 13:41 B C:\Dokumente und Einstellungen\USER\Eigene Dateien\scripts\kontakt\asnforum\images\smile_heilig.gif --> server11.glai.de /html/script/kontakt/asnforum/images smile_heilig.gif
2004.03.11 13:41 B C:\Dokumente und Einstellungen\USER\Eigene Dateien\scripts\kontakt\asnforum\images\smile_herz.gif --> server11.glai.de /html/script/kontakt/asnforum/images smile_herz.gif
2004.03.11 13:41 B C:\Dokumente und Einstellungen\USER\Eigene Dateien\scripts\kontakt\asnforum\images\smile_metal.gif --> server11.glai.de /html/script/kontakt/asnforum/images smile_metal.gif
2004.03.11 13:41 B C:\Dokumente und Einstellungen\USER\Eigene Dateien\scripts\kontakt\asnforum\images\sym_email.gif --> server11.glai.de /html/script/kontakt/asnforum/images sym_email.gif
2004.03.11 23:12 B C:\Dokumente und Einstellungen\USER\Eigene Dateien\scripts\kontakt\asnforum\images\malelovies.gif --> server11.glai.de /html/script/kontakt/asnforum/images malelovies.gif
2004.03.11 23:12 B C:\Dokumente und Einstellungen\USER\Eigene Dateien\scripts\kontakt\asnforum\images\luvlove.gif --> server11.glai.de /html/script/kontakt/asnforum/images luvlove.gif
2004.03.11 23:12 B C:\Dokumente und Einstellungen\USER\Eigene Dateien\scripts\kontakt\asnforum\images\smile_herz.gif --> server11.glai.de /html/script/kontakt/asnforum/images smile_herz.gif
2004.03.11 23:13 B C:\Dokumente und Einstellungen\USER\Eigene Dateien\scripts\kontakt\asnforum\images\Thumbs.db --> server11.glai.de /html/script/kontakt/asnforum/images Thumbs.db
2004.03.11 23:13 B C:\Dokumente und Einstellungen\USER\Eigene Dateien\scripts\kontakt\asnforum\images\bussi.gif --> server11.glai.de /html/script/kontakt/asnforum/images bussi.gif
2004.03.11 23:13 B C:\Dokumente und Einstellungen\USER\Eigene Dateien\scripts\kontakt\asnforum\images\argue.gif --> server11.glai.de /html/script/kontakt/asnforum/images argue.gif
2004.03.11 23:13 B C:\Dokumente und Einstellungen\USER\Eigene Dateien\scripts\kontakt\asnforum\images\baeh.gif --> server11.glai.de /html/script/kontakt/asnforum/images baeh.gif
2004.03.11 23:13 B C:\Dokumente und Einstellungen\USER\Eigene Dateien\scripts\kontakt\asnforum\images\geige.gif --> server11.glai.de /html/script/kontakt/asnforum/images geige.gif
2004.03.11 23:13 B C:\Dokumente und Einstellungen\USER\Eigene Dateien\scripts\kontakt\asnforum\images\troest.gif --> server11.glai.de /html/script/kontakt/asnforum/images troest.gif
2004.03.11 23:13 B C:\Dokumente und Einstellungen\USER\Eigene Dateien\scripts\kontakt\asnforum\images\frage.gif --> server11.glai.de /html/script/kontakt/asnforum/images frage.gif
2004.03.11 23:13 B C:\Dokumente und Einstellungen\USER\Eigene Dateien\scripts\kontakt\asnforum\images\icon_confused.gif --> server11.glai.de /html/script/kontakt/asnforum/images icon_confused.gif
2004.03.11 23:13 B C:\Dokumente und Einstellungen\USER\Eigene Dateien\scripts\kontakt\asnforum\images\icon_frown.gif --> server11.glai.de /html/script/kontakt/asnforum/images icon_frown.gif
2004.03.11 23:13 B C:\Dokumente und Einstellungen\USER\Eigene Dateien\scripts\kontakt\asnforum\images\icon_mad.gif --> server11.glai.de /html/script/kontakt/asnforum/images icon_mad.gif
2004.03.11 23:13 B C:\Dokumente und Einstellungen\USER\Eigene Dateien\scripts\kontakt\asnforum\images\sex.gif --> server11.glai.de /html/script/kontakt/asnforum/images sex.gif
2004.03.11 23:13 B C:\Dokumente und Einstellungen\USER\Eigene Dateien\scripts\kontakt\asnforum\images\smile_metal.gif --> server11.glai.de /html/script/kontakt/asnforum/images smile_metal.gif
2004.03.11 23:13 B C:\Dokumente und Einstellungen\USER\Eigene Dateien\scripts\kontakt\asnforum\images\smile_heilig.gif --> server11.glai.de /html/script/kontakt/asnforum/images smile_heilig.gif
2004.03.11 23:13 B C:\Dokumente und Einstellungen\USER\Eigene Dateien\scripts\kontakt\asnforum\images\icon_cool.gif --> server11.glai.de /html/script/kontakt/asnforum/images icon_cool.gif
2004.03.11 23:13 B C:\Dokumente und Einstellungen\USER\Eigene Dateien\scripts\kontakt\asnforum\images\icon_razz.gif --> server11.glai.de /html/script/kontakt/asnforum/images icon_razz.gif
2004.03.11 23:13 B C:\Dokumente und Einstellungen\USER\Eigene Dateien\scripts\kontakt\asnforum\images\icon_evil.gif --> server11.glai.de /html/script/kontakt/asnforum/images icon_evil.gif
2004.03.11 23:13 B C:\Dokumente und Einstellungen\USER\Eigene Dateien\scripts\kontakt\asnforum\images\icon_wink.gif --> server11.glai.de /html/script/kontakt/asnforum/images icon_wink.gif
2004.03.11 23:13 B C:\Dokumente und Einstellungen\USER\Eigene Dateien\scripts\kontakt\asnforum\images\icon_smile.gif --> server11.glai.de /html/script/kontakt/asnforum/images icon_smile.gif
2004.03.11 23:13 B C:\Dokumente und Einstellungen\USER\Eigene Dateien\scripts\kontakt\asnforum\images\sym_email.gif --> server11.glai.de /html/script/kontakt/asnforum/images sym_email.gif
2004.03.11 23:13 B C:\Dokumente und Einstellungen\USER\Eigene Dateien\scripts\kontakt\asnforum\images\sym_www.gif --> server11.glai.de /html/script/kontakt/asnforum/images sym_www.gif
2004.03.11 23:13 B C:\Dokumente und Einstellungen\USER\Eigene Dateien\scripts\kontakt\asnforum\images\icon_redface.gif --> server11.glai.de /html/script/kontakt/asnforum/images icon_redface.gif
2004.03.11 23:13 B C:\Dokumente und Einstellungen\USER\Eigene Dateien\scripts\kontakt\asnforum\images\icon_cry.gif --> server11.glai.de /html/script/kontakt/asnforum/images icon_cry.gif
2004.03.11 23:13 B C:\Dokumente und Einstellungen\USER\Eigene Dateien\scripts\kontakt\asnforum\images\icon_lol.gif --> server11.glai.de /html/script/kontakt/asnforum/images icon_lol.gif
2004.03.11 23:13 B C:\Dokumente und Einstellungen\USER\Eigene Dateien\scripts\kontakt\asnforum\images\icon_rolleyes.gif --> server11.glai.de /html/script/kontakt/asnforum/images icon_rolleyes.gif
2004.03.12 13:05 B C:\Dokumente und Einstellungen\USER\Eigene Dateien\scripts\kontakt\asnforum\images\malelovies.gif --> server11.glai.de /html/script/kontakt/ecard/asnforum/images malelovies.gif
2004.03.12 13:05 B C:\Dokumente und Einstellungen\USER\Eigene Dateien\scripts\kontakt\asnforum\images\luvlove.gif --> server11.glai.de /html/script/kontakt/ecard/asnforum/images luvlove.gif
2004.03.12 13:05 B C:\Dokumente und Einstellungen\USER\Eigene Dateien\scripts\kontakt\asnforum\images\smile_herz.gif --> server11.glai.de /html/script/kontakt/ecard/asnforum/images smile_herz.gif
2004.03.12 13:05 B C:\Dokumente und Einstellungen\USER\Eigene Dateien\scripts\kontakt\asnforum\images\bussi.gif --> server11.glai.de /html/script/kontakt/ecard/asnforum/images bussi.gif
2004.03.12 13:05 B C:\Dokumente und Einstellungen\USER\Eigene Dateien\scripts\kontakt\asnforum\images\argue.gif --> server11.glai.de /html/script/kontakt/ecard/asnforum/images argue.gif
2004.03.12 13:05 B C:\Dokumente und Einstellungen\USER\Eigene Dateien\scripts\kontakt\asnforum\images\baeh.gif --> server11.glai.de /html/script/kontakt/ecard/asnforum/images baeh.gif
2004.03.12 13:05 B C:\Dokumente und Einstellungen\USER\Eigene Dateien\scripts\kontakt\asnforum\images\geige.gif --> server11.glai.de /html/script/kontakt/ecard/asnforum/images geige.gif
2004.03.12 13:05 B C:\Dokumente und Einstellungen\USER\Eigene Dateien\scripts\kontakt\asnforum\images\troest.gif --> server11.glai.de /html/script/kontakt/ecard/asnforum/images troest.gif
2004.03.12 13:05 B C:\Dokumente und Einstellungen\USER\Eigene Dateien\scripts\kontakt\asnforum\images\frage.gif --> server11.glai.de /html/script/kontakt/ecard/asnforum/images frage.gif
2004.03.12 13:05 B C:\Dokumente und Einstellungen\USER\Eigene Dateien\scripts\kontakt\asnforum\images\icon_confused.gif --> server11.glai.de /html/script/kontakt/ecard/asnforum/images icon_confused.gif
2004.03.12 13:05 B C:\Dokumente und Einstellungen\USER\Eigene Dateien\scripts\kontakt\asnforum\images\icon_frown.gif --> server11.glai.de /html/script/kontakt/ecard/asnforum/images icon_frown.gif
2004.03.12 13:05 B C:\Dokumente und Einstellungen\USER\Eigene Dateien\scripts\kontakt\asnforum\images\icon_mad.gif --> server11.glai.de /html/script/kontakt/ecard/asnforum/images icon_mad.gif
2004.03.12 13:05 B C:\Dokumente und Einstellungen\USER\Eigene Dateien\scripts\kontakt\asnforum\images\sex.gif --> server11.glai.de /html/script/kontakt/ecard/asnforum/images sex.gif
2004.03.12 13:06 B C:\Dokumente und Einstellungen\USER\Eigene Dateien\scripts\kontakt\asnforum\images\smile_metal.gif --> server11.glai.de /html/script/kontakt/ecard/asnforum/images smile_metal.gif
2004.03.12 13:06 B C:\Dokumente und Einstellungen\USER\Eigene Dateien\scripts\kontakt\asnforum\images\smile_heilig.gif --> server11.glai.de /html/script/kontakt/ecard/asnforum/images smile_heilig.gif
2004.03.12 13:06 B C:\Dokumente und Einstellungen\USER\Eigene Dateien\scripts\kontakt\asnforum\images\icon_cool.gif --> server11.glai.de /html/script/kontakt/ecard/asnforum/images icon_cool.gif
2004.03.12 13:06 B C:\Dokumente und Einstellungen\USER\Eigene Dateien\scripts\kontakt\asnforum\images\icon_razz.gif --> server11.glai.de /html/script/kontakt/ecard/asnforum/images icon_razz.gif
2004.03.12 13:06 B C:\Dokumente und Einstellungen\USER\Eigene Dateien\scripts\kontakt\asnforum\images\icon_evil.gif --> server11.glai.de /html/script/kontakt/ecard/asnforum/images icon_evil.gif
2004.03.12 13:06 B C:\Dokumente und Einstellungen\USER\Eigene Dateien\scripts\kontakt\asnforum\images\icon_wink.gif --> server11.glai.de /html/script/kontakt/ecard/asnforum/images icon_wink.gif
2004.03.12 13:06 B C:\Dokumente und Einstellungen\USER\Eigene Dateien\scripts\kontakt\asnforum\images\icon_smile.gif --> server11.glai.de /html/script/kontakt/ecard/asnforum/images icon_smile.gif
2004.03.12 13:06 B C:\Dokumente und Einstellungen\USER\Eigene Dateien\scripts\kontakt\asnforum\images\sym_email.gif --> server11.glai.de /html/script/kontakt/ecard/asnforum/images sym_email.gif
2004.03.12 13:06 B C:\Dokumente und Einstellungen\USER\Eigene Dateien\scripts\kontakt\asnforum\images\sym_www.gif --> server11.glai.de /html/script/kontakt/ecard/asnforum/images sym_www.gif
2004.03.12 13:06 B C:\Dokumente und Einstellungen\USER\Eigene Dateien\scripts\kontakt\asnforum\images\icon_redface.gif --> server11.glai.de /html/script/kontakt/ecard/asnforum/images icon_redface.gif
2004.03.12 13:06 B C:\Dokumente und Einstellungen\USER\Eigene Dateien\scripts\kontakt\asnforum\images\icon_cry.gif --> server11.glai.de /html/script/kontakt/ecard/asnforum/images icon_cry.gif
2004.03.12 13:06 B C:\Dokumente und Einstellungen\USER\Eigene Dateien\scripts\kontakt\asnforum\images\icon_lol.gif --> server11.glai.de /html/script/kontakt/ecard/asnforum/images icon_lol.gif
2004.03.12 13:06 B C:\Dokumente und Einstellungen\USER\Eigene Dateien\scripts\kontakt\asnforum\images\icon_rolleyes.gif --> server11.glai.de /html/script/kontakt/ecard/asnforum/images icon_rolleyes.gif
2004.03.12 22:43 B C:\Dokumente und Einstellungen\USER\Eigene Dateien\scripts\kontakt\asnforum\images\board.gif --> server11.glai.de /html/script/kontakt/asnforum/images board.gif
2004.03.22 23:01 B C:\Dokumente und Einstellungen\USER\Eigene Dateien\scripts\kontakt\asnforum\images\vampir.gif --> server11.glai.de /html/script/kontakt/asnforum/images vampir.gif
2004.03.28 21:52 B C:\Dokumente und Einstellungen\USER\Eigene Dateien\scripts\kontakt\asnforum\images\umarm2.gif --> server11.glai.de /html/script/kontakt/asnforum/images umarm2.gif
2004.03.28 21:52 B C:\Dokumente und Einstellungen\USER\Eigene Dateien\scripts\kontakt\asnforum\images\blumen.gif --> server11.glai.de /html/script/kontakt/asnforum/images blumen.gif
2004.03.28 21:52 B C:\Dokumente und Einstellungen\USER\Eigene Dateien\scripts\kontakt\asnforum\images\gruebel.gif --> server11.glai.de /html/script/kontakt/asnforum/images gruebel.gif
2004.05.26 19:54 B C:\Dokumente und Einstellungen\USER\Eigene Dateien\scripts\kontakt\asnforum\images\Thumbs.db --> 62.146.24.65 /html/asnforum/images Thumbs.db
